2017-06-26 20:23:18,123 [Worker-12] INFO  o.e.m.c.i.p.ProjectConfigurationManager - Collecting project info '/pom.xml' D:\school\Github\buildbuilder\builder\pom.xml
2017-06-26 20:23:22,921 [Worker-12] INFO  o.e.m.c.i.l.LifecycleMappingFactory - Using org.eclipse.m2e.jdt.JarLifecycleMapping lifecycle mapping for MavenProject: build:builder:0.0.1-SNAPSHOT @ D:\school\Github\buildbuilder\builder\pom.xml.
2017-06-26 20:23:25,027 [Worker-12] INFO  o.e.m.j.i.AbstractJavaProjectConfigurator - Adding source folder /builder/src/main/java
2017-06-26 20:23:25,036 [Worker-12] INFO  o.e.m.j.i.AbstractJavaProjectConfigurator - Adding source folder /builder/src/test/java
2017-06-26 20:23:26,156 [Worker-12] INFO  o.e.m.c.i.p.ProjectConfigurationManager - Imported and configured 1 project(s) in 8 sec
2017-06-26 20:23:27,158 [Worker-8] INFO  o.e.m.c.i.embedder.EclipseLogger - Using 'UTF-8' encoding to copy filtered resources.
2017-06-26 20:23:27,159 [Worker-8] INFO  o.e.m.c.i.embedder.EclipseLogger - skip non existing resourceDirectory D:\school\Github\buildbuilder\builder\src\main\resources
2017-06-26 20:23:27,162 [Worker-8] INFO  o.e.m.c.i.embedder.EclipseLogger - Using 'UTF-8' encoding to copy filtered resources.
2017-06-26 20:23:27,163 [Worker-8] INFO  o.e.m.c.i.embedder.EclipseLogger - skip non existing resourceDirectory D:\school\Github\buildbuilder\builder\src\test\resources
2017-06-26 20:24:34,454 [Worker-9] INFO  o.e.m.c.i.embedder.EclipseLogger - Using 'UTF-8' encoding to copy filtered resources.
2017-06-26 20:24:34,455 [Worker-9] INFO  o.e.m.c.i.embedder.EclipseLogger - skip non existing resourceDirectory D:\school\Github\buildbuilder\builder\src\main\resources
2017-06-26 20:24:34,457 [Worker-9] INFO  o.e.m.c.i.embedder.EclipseLogger - Using 'UTF-8' encoding to copy filtered resources.
2017-06-26 20:24:34,457 [Worker-9] INFO  o.e.m.c.i.embedder.EclipseLogger - skip non existing resourceDirectory D:\school\Github\buildbuilder\builder\src\test\resources
2017-06-26 20:24:55,208 [Worker-7] INFO  o.e.m.c.i.l.LifecycleMappingFactory - Using org.maven.ide.eclipse.wtp.WarLifecycleMapping lifecycle mapping for MavenProject: build:builder:0.0.1-SNAPSHOT @ D:\school\Github\buildbuilder\builder\pom.xml.
2017-06-26 20:24:56,562 [Worker-7] INFO  o.e.m.c.i.embedder.EclipseLogger - Using 'UTF-8' encoding to copy filtered resources.
2017-06-26 20:24:56,563 [Worker-7] INFO  o.e.m.c.i.embedder.EclipseLogger - skip non existing resourceDirectory D:\school\Github\buildbuilder\builder\src\main\resources
2017-06-26 20:24:56,566 [Worker-7] INFO  o.e.m.c.i.embedder.EclipseLogger - Using 'UTF-8' encoding to copy filtered resources.
2017-06-26 20:24:56,567 [Worker-7] INFO  o.e.m.c.i.embedder.EclipseLogger - skip non existing resourceDirectory D:\school\Github\buildbuilder\builder\src\test\resources
2017-06-26 20:24:56,571 [Worker-7] INFO  o.e.m.w.i.f.ResourceFilteringBuildParticipant - Changed resources require a complete clean of filtered resources of builder
2017-06-26 20:24:56,572 [Worker-7] INFO  o.e.m.w.i.f.ResourceFilteringBuildParticipant - Executing resource filtering for builder
2017-06-26 20:24:56,599 [Worker-7] INFO  o.e.m.c.i.embedder.EclipseLogger - Using 'UTF-8' encoding to copy filtered resources.
2017-06-26 20:25:29,880 [Worker-1] INFO  o.e.m.c.i.l.LifecycleMappingFactory - Using org.maven.ide.eclipse.wtp.WarLifecycleMapping lifecycle mapping for MavenProject: build:builder:0.0.1-SNAPSHOT @ D:\school\Github\buildbuilder\builder\pom.xml.
2017-06-26 20:25:32,280 [Worker-1] INFO  o.e.m.c.i.embedder.EclipseLogger - Using 'UTF-8' encoding to copy filtered resources.
2017-06-26 20:25:32,281 [Worker-1] INFO  o.e.m.c.i.embedder.EclipseLogger - skip non existing resourceDirectory D:\school\Github\buildbuilder\builder\src\main\resources
2017-06-26 20:25:32,283 [Worker-1] INFO  o.e.m.c.i.embedder.EclipseLogger - Using 'UTF-8' encoding to copy filtered resources.
2017-06-26 20:25:32,283 [Worker-1] INFO  o.e.m.c.i.embedder.EclipseLogger - skip non existing resourceDirectory D:\school\Github\buildbuilder\builder\src\test\resources
2017-06-26 20:25:32,283 [Worker-1] INFO  o.e.m.w.i.f.ResourceFilteringBuildParticipant - Changed resources require a complete clean of filtered resources of builder
2017-06-26 20:25:32,283 [Worker-1] INFO  o.e.m.w.i.f.ResourceFilteringBuildParticipant - Executing resource filtering for builder
2017-06-26 20:25:32,289 [Worker-1] INFO  o.e.m.c.i.embedder.EclipseLogger - Using 'UTF-8' encoding to copy filtered resources.
2017-06-26 20:25:33,809 [Worker-3] INFO  o.e.m.c.i.embedder.EclipseLogger - Using 'UTF-8' encoding to copy filtered resources.
2017-06-26 20:25:33,810 [Worker-3] INFO  o.e.m.c.i.embedder.EclipseLogger - skip non existing resourceDirectory D:\school\Github\buildbuilder\builder\src\main\resources
2017-06-26 20:25:33,812 [Worker-3] INFO  o.e.m.c.i.embedder.EclipseLogger - Using 'UTF-8' encoding to copy filtered resources.
2017-06-26 20:25:33,813 [Worker-3] INFO  o.e.m.c.i.embedder.EclipseLogger - skip non existing resourceDirectory D:\school\Github\buildbuilder\builder\src\test\resources
2017-06-26 20:25:48,831 [Worker-5] INFO  o.e.m.c.i.l.LifecycleMappingFactory - Using org.maven.ide.eclipse.wtp.WarLifecycleMapping lifecycle mapping for MavenProject: build:builder:0.0.1-SNAPSHOT @ D:\school\Github\buildbuilder\builder\pom.xml.
2017-06-26 20:25:49,764 [Worker-5] INFO  o.e.m.c.i.embedder.EclipseLogger - Using 'UTF-8' encoding to copy filtered resources.
2017-06-26 20:25:49,765 [Worker-5] INFO  o.e.m.c.i.embedder.EclipseLogger - skip non existing resourceDirectory D:\school\Github\buildbuilder\builder\src\main\resources
2017-06-26 20:25:49,767 [Worker-5] INFO  o.e.m.c.i.embedder.EclipseLogger - Using 'UTF-8' encoding to copy filtered resources.
2017-06-26 20:25:49,768 [Worker-5] INFO  o.e.m.c.i.embedder.EclipseLogger - skip non existing resourceDirectory D:\school\Github\buildbuilder\builder\src\test\resources
2017-06-26 20:25:49,769 [Worker-5] INFO  o.e.m.w.i.f.ResourceFilteringBuildParticipant - Changed resources require a complete clean of filtered resources of builder
2017-06-26 20:25:49,769 [Worker-5] INFO  o.e.m.w.i.f.ResourceFilteringBuildParticipant - Executing resource filtering for builder
2017-06-26 20:25:49,774 [Worker-5] INFO  o.e.m.c.i.embedder.EclipseLogger - Using 'UTF-8' encoding to copy filtered resources.
2017-06-26 20:26:09,687 [Worker-13] INFO  o.e.m.c.i.p.ProjectConfigurationManager - Update started
2017-06-26 20:26:10,081 [Worker-13] INFO  o.e.m.c.i.l.LifecycleMappingFactory - Using org.maven.ide.eclipse.wtp.WarLifecycleMapping lifecycle mapping for MavenProject: build:builder:0.0.1-SNAPSHOT @ D:\school\Github\buildbuilder\builder\pom.xml.
2017-06-26 20:26:10,870 [Worker-13] INFO  o.e.m.j.i.AbstractJavaProjectConfigurator - Adding source folder /builder/src/main/java
2017-06-26 20:26:10,871 [Worker-13] INFO  o.e.m.j.i.AbstractJavaProjectConfigurator - Adding source folder /builder/src/test/java
2017-06-26 20:26:13,769 [Worker-13] INFO  o.e.m.w.i.f.ResourceFilteringBuildParticipant - Cleaning filtered folder for builder
2017-06-26 20:26:14,581 [Worker-13] INFO  o.e.m.c.i.p.ProjectConfigurationManager - Update completed: 4 sec
2017-06-26 20:26:15,231 [Worker-1] INFO  o.e.m.c.i.embedder.EclipseLogger - Using 'UTF-8' encoding to copy filtered resources.
2017-06-26 20:26:15,231 [Worker-1] INFO  o.e.m.c.i.embedder.EclipseLogger - skip non existing resourceDirectory D:\school\Github\buildbuilder\builder\src\main\resources
2017-06-26 20:26:15,233 [Worker-1] INFO  o.e.m.c.i.embedder.EclipseLogger - Using 'UTF-8' encoding to copy filtered resources.
2017-06-26 20:26:15,234 [Worker-1] INFO  o.e.m.c.i.embedder.EclipseLogger - skip non existing resourceDirectory D:\school\Github\buildbuilder\builder\src\test\resources
2017-06-26 20:26:15,234 [Worker-1] INFO  o.e.m.w.i.f.ResourceFilteringBuildParticipant - Changed resources require a complete clean of filtered resources of builder
2017-06-26 20:26:15,234 [Worker-1] INFO  o.e.m.w.i.f.ResourceFilteringBuildParticipant - Executing resource filtering for builder
2017-06-26 20:26:15,242 [Worker-1] INFO  o.e.m.c.i.embedder.EclipseLogger - Using 'UTF-8' encoding to copy filtered resources.
2017-06-26 20:27:12,646 [Worker-3] INFO  o.e.m.c.i.embedder.EclipseLogger - Using 'UTF-8' encoding to copy filtered resources.
2017-06-26 20:27:12,646 [Worker-3] INFO  o.e.m.c.i.embedder.EclipseLogger - skip non existing resourceDirectory D:\school\Github\buildbuilder\builder\src\main\resources
2017-06-26 20:27:12,649 [Worker-3] INFO  o.e.m.c.i.embedder.EclipseLogger - Using 'UTF-8' encoding to copy filtered resources.
2017-06-26 20:27:12,650 [Worker-3] INFO  o.e.m.c.i.embedder.EclipseLogger - skip non existing resourceDirectory D:\school\Github\buildbuilder\builder\src\test\resources
2017-06-26 20:27:22,500 [Worker-12] INFO  o.e.m.c.i.embedder.EclipseLogger - Using 'UTF-8' encoding to copy filtered resources.
2017-06-26 20:27:22,501 [Worker-12] INFO  o.e.m.c.i.embedder.EclipseLogger - skip non existing resourceDirectory D:\school\Github\buildbuilder\builder\src\main\resources
2017-06-26 20:27:22,502 [Worker-12] INFO  o.e.m.c.i.embedder.EclipseLogger - Using 'UTF-8' encoding to copy filtered resources.
2017-06-26 20:27:22,502 [Worker-12] INFO  o.e.m.c.i.embedder.EclipseLogger - skip non existing resourceDirectory D:\school\Github\buildbuilder\builder\src\test\resources
2017-06-26 20:27:44,549 [Worker-12] INFO  o.e.m.c.i.embedder.EclipseLogger - Using 'UTF-8' encoding to copy filtered resources.
2017-06-26 20:27:44,549 [Worker-12] INFO  o.e.m.c.i.embedder.EclipseLogger - skip non existing resourceDirectory D:\school\Github\buildbuilder\builder\src\main\resources
2017-06-26 20:27:44,551 [Worker-12] INFO  o.e.m.c.i.embedder.EclipseLogger - Using 'UTF-8' encoding to copy filtered resources.
2017-06-26 20:27:44,551 [Worker-12] INFO  o.e.m.c.i.embedder.EclipseLogger - skip non existing resourceDirectory D:\school\Github\buildbuilder\builder\src\test\resources
